MARS 4.5  Copyright 2003-2014 Pete Sanderson and Kenneth Vollmar

************************************************
Start testing recursion:
take
1
from
a
to
b
take
2
from
a
to
c
take
1
from
b
to
c
take
3
from
a
to
b
take
1
from
c
to
a
take
2
from
c
to
b
take
1
from
a
to
b
take
4
from
a
to
c
take
1
from
b
to
c
take
2
from
b
to
a
take
1
from
c
to
a
take
3
from
b
to
c
take
1
from
a
to
b
take
2
from
a
to
c
take
1
from
b
to
c
************************************************
Start testing global:
12345679
0
0
-12345679
9
_
+
*
12345679
-12345679
9
*
0
1
1
2
3
1
1
2
6
2
a
A
z
Z
_
+
-
*
/
6
************************************************
Start testing return:
22
a
b
c
_
************************************************
Start testing I/O:
!@\n#$^&*()Qqaa123[];',./
-9090
*
!@\n#$^&*()Qqaa123[];',./9876
/
!@\n#$^&*()Qqaa123[];',./z
-321123
************************************************
Start testing assign & exp:
0
40320
0
1
1
_
_
_
_
866400
************************************************
Start testing if & while:
+
-
+
-
+
/
*
/
*
/
************************************************
Start testing switch:
************************************************
Start testing parameter:
INPUT of func_ret_int_1:
12345679
-12345679
A
Z
OPERATE of func_ret_int_1:
-12345679
12345679
Z
A
-12345679
************************************************

